---
Devices:
 0: Host CPU
CloverLeaf:
 - Ver.:     2.000
 - Deck:     clover.in
 - Out:      clover.out
 - Profiler: deck-specified
MPI:
 - Enabled:     false
 - Total ranks: 1
 - Header device-awareness (CUDA-awareness):  unknown
 - Runtime device-awareness (CUDA-awareness): unknown
 - Host-Device halo exchange staging buffer:  true
Model:
 - Name:      OpenMP (CPU)
 - Execution: Host
# ---- 
Output: |+1
 Output file clover.out opened. All output will go there.
 Using input: `clover.in`
 Problem initialised and generated
 Launching hydro
 Step 1 time 0 control sound timestep  0.00121799 1,1 x 0 y 0
 Wall clock 3.04975
 Average time per cell 1.03412e-07
  Step time per cell    1.03412e-07
 Step 2 time 0.00121799 control sound timestep  0.000498684 1,1 x 0 y 0
 Wall clock 6.22604
 Average time per cell 1.05558e-07
  Step time per cell    1.07691e-07
 Step 3 time 0.00171667 control sound timestep  0.000650557 1,1 x 0 y 0
 Wall clock 9.49586
 Average time per cell 1.0733e-07
  Step time per cell    1.10836e-07
 Step 4 time 0.00236723 control sound timestep  0.000975836 1,1 x 0 y 0
 Wall clock 13.0597
 Average time per cell 1.10709e-07
  Step time per cell    1.20815e-07
 Step 5 time 0.00334307 control sound timestep  0.00121799 1,1 x 0 y 0
 Wall clock 16.5151
 Average time per cell 1.12e-07
  Step time per cell    1.17128e-07
 Step 6 time 0.00456105 control sound timestep  0.00121799 1,1 x 0 y 0
 Wall clock 19.7432
 Average time per cell 1.11577e-07
  Step time per cell    1.09444e-07
 Step 7 time 0.00577904 control sound timestep  0.00121799 1,1 x 0 y 0
 Wall clock 22.8849
 Average time per cell 1.10856e-07
  Step time per cell    1.06526e-07
 Step 8 time 0.00699703 control sound timestep  0.00121799 1,1 x 0 y 0
 Wall clock 26.0383
 Average time per cell 1.10365e-07
  Step time per cell    1.06898e-07
 Step 9 time 0.00821501 control sound timestep  0.00121799 1,1 x 0 y 0
 Wall clock 29.0668
 Average time per cell 1.09512e-07
  Step time per cell    1.0261e-07
 Step 10 time 0.009433 control sound timestep  0.00121799 1,1 x 0 y 0
 Wall clock 33.0568
 First step overhead 0
Result:
 - Problem: none
 - Outcome: PASSED

* [MAQAO] Info: Dumping samples (host penda-Latitude-7480, process 59628)
* [MAQAO] Info: Dumping source info for callchain nodes (host penda-Latitude-7480, process 59628)
* [MAQAO] Info: Building/writing metadata (host penda-Latitude-7480)
* [MAQAO] Info: Finished collect step (host penda-Latitude-7480, process 59628)


Your experiment path is /home/penda/aoc/CloverLeaf/ov2/tools/lprof_run_0

To display your profiling results:
############################################################################################################
#    LEVEL    |     REPORT     |                                  COMMAND                                  #
############################################################################################################
#  Functions  |  Cluster-wide  |  maqao lprof -df xp=/home/penda/aoc/CloverLeaf/ov2/tools/lprof_run_0      #
#  Functions  |  Per-node      |  maqao lprof -df -dn xp=/home/penda/aoc/CloverLeaf/ov2/tools/lprof_run_0  #
#  Functions  |  Per-process   |  maqao lprof -df -dp xp=/home/penda/aoc/CloverLeaf/ov2/tools/lprof_run_0  #
#  Functions  |  Per-thread    |  maqao lprof -df -dt xp=/home/penda/aoc/CloverLeaf/ov2/tools/lprof_run_0  #
#  Loops      |  Cluster-wide  |  maqao lprof -dl xp=/home/penda/aoc/CloverLeaf/ov2/tools/lprof_run_0      #
#  Loops      |  Per-node      |  maqao lprof -dl -dn xp=/home/penda/aoc/CloverLeaf/ov2/tools/lprof_run_0  #
#  Loops      |  Per-process   |  maqao lprof -dl -dp xp=/home/penda/aoc/CloverLeaf/ov2/tools/lprof_run_0  #
#  Loops      |  Per-thread    |  maqao lprof -dl -dt xp=/home/penda/aoc/CloverLeaf/ov2/tools/lprof_run_0  #
############################################################################################################

